2017-04-27 11:10:30  [ main:0 ] - [ DEBUG ]  Logging initialized using 'class org.apache.ibatis.logging.commons.JakartaCommonsLoggingImpl' adapter.
2017-04-27 11:10:30  [ main:73 ] - [ DEBUG ]  PooledDataSource forcefully closed/removed all connections.
2017-04-27 11:10:30  [ main:73 ] - [ DEBUG ]  PooledDataSource forcefully closed/removed all connections.
2017-04-27 11:10:30  [ main:73 ] - [ DEBUG ]  PooledDataSource forcefully closed/removed all connections.
2017-04-27 11:10:30  [ main:74 ] - [ DEBUG ]  PooledDataSource forcefully closed/removed all connections.
2017-04-27 11:10:31  [ main:291 ] - [ DEBUG ]  Openning JDBC Connection
2017-04-27 11:10:36  [ main:5543 ] - [ DEBUG ]  Created connection 464887938.
2017-04-27 11:10:36  [ main:5572 ] - [ DEBUG ]  ooo Using Connection [com.mysql.cj.jdbc.ConnectionImpl@1bb5a082]
2017-04-27 11:10:36  [ main:5573 ] - [ DEBUG ]  ==>  Preparing: select * from user 
2017-04-27 11:10:36  [ main:5616 ] - [ DEBUG ]  ==> Parameters: 
2017-04-27 11:10:36  [ main:5668 ] - [ DEBUG ]  Resetting autocommit to true on JDBC Connection [com.mysql.cj.jdbc.ConnectionImpl@1bb5a082]
2017-04-27 11:10:36  [ main:5682 ] - [ DEBUG ]  Closing JDBC Connection [com.mysql.cj.jdbc.ConnectionImpl@1bb5a082]
2017-04-27 11:10:36  [ main:5683 ] - [ DEBUG ]  Returned connection 464887938 to pool.
2017-04-27 11:17:07  [ main:0 ] - [ DEBUG ]  Logging initialized using 'class org.apache.ibatis.logging.commons.JakartaCommonsLoggingImpl' adapter.
2017-04-27 11:17:07  [ main:20 ] - [ DEBUG ]  PooledDataSource forcefully closed/removed all connections.
2017-04-27 11:17:07  [ main:20 ] - [ DEBUG ]  PooledDataSource forcefully closed/removed all connections.
2017-04-27 11:17:07  [ main:21 ] - [ DEBUG ]  PooledDataSource forcefully closed/removed all connections.
2017-04-27 11:17:07  [ main:21 ] - [ DEBUG ]  PooledDataSource forcefully closed/removed all connections.
2017-04-27 11:17:08  [ main:190 ] - [ DEBUG ]  Openning JDBC Connection
2017-04-27 11:17:14  [ main:6899 ] - [ DEBUG ]  Created connection 464887938.
2017-04-27 11:17:14  [ main:6912 ] - [ DEBUG ]  ooo Using Connection [com.mysql.cj.jdbc.ConnectionImpl@1bb5a082]
2017-04-27 11:17:14  [ main:6913 ] - [ DEBUG ]  ==>  Preparing: select * from user 
2017-04-27 11:17:14  [ main:6946 ] - [ DEBUG ]  ==> Parameters: 
2017-04-27 11:17:14  [ main:6986 ] - [ DEBUG ]  Resetting autocommit to true on JDBC Connection [com.mysql.cj.jdbc.ConnectionImpl@1bb5a082]
2017-04-27 11:17:14  [ main:7002 ] - [ DEBUG ]  Closing JDBC Connection [com.mysql.cj.jdbc.ConnectionImpl@1bb5a082]
2017-04-27 11:17:14  [ main:7003 ] - [ DEBUG ]  Returned connection 464887938 to pool.
